<?xml version="1.0" encoding="UTF-8"?>
<!-- Generated by org.testng.reporters.JUnitReportReporter -->
<testsuite hostname="LEENAAI-BJNX1B3" failures="0" tests="1" name="PersonalFile.Framework1.ErrorValidation" time="12.161" errors="0" timestamp="2024-04-01T11:48:31 IST" skipped="0">
  <testcase classname="PersonalFile.Framework1.ErrorValidation" name="submitOrder" time="12.161"/>
</testsuite> <!-- PersonalFile.Framework1.ErrorValidation -->
