<?xml version="1.0" encoding="UTF-8"?>
<!-- Generated by org.testng.reporters.JUnitReportReporter -->
<testsuite hostname="LEENAAI-BJNX1B3" failures="0" tests="1" name="cucumber.TestngTestRunner" time="15.584" errors="0" timestamp="2024-04-09T01:09:37 IST" skipped="0">
  <testcase classname="cucumber.TestngTestRunner" name="runScenario" time="15.584"/>
</testsuite> <!-- cucumber.TestngTestRunner -->
